<?xml version="1.0" encoding="UTF-8"?>
<testng-results ignored="0" total="1" passed="1" failed="0" skipped="0">
  <reporter-output>
  </reporter-output>
  <suite started-at="2023-08-31T22:04:47 IST" name="Default suite" finished-at="2023-08-31T22:06:06 IST" duration-ms="79730">
    <groups>
    </groups>
    <test started-at="2023-08-31T22:04:47 IST" name="Default test" finished-at="2023-08-31T22:06:06 IST" duration-ms="79730">
      <class name="SeleniumHybridFramework.Liveproject1.Standsubmit1">
        <test-method signature="submitOrder()[pri:0, instance:SeleniumHybridFramework.Liveproject1.Standsubmit1@6a192cfe]" started-at="2023-08-31T22:04:47 IST" name="submitOrder" finished-at="2023-08-31T22:06:06 IST" duration-ms="79365" status="PASS">
          <reporter-output>
          </reporter-output>
        </test-method> <!-- submitOrder -->
      </class> <!-- SeleniumHybridFramework.Liveproject1.Standsubmit1 -->
    </test> <!-- Default test -->
  </suite> <!-- Default suite -->
</testng-results>
